<?xml version="1.0" encoding="UTF-8"?>
<!-- Generated by org.testng.reporters.JUnitReportReporter -->
<testsuite hostname="PM" failures="0" tests="1" name="test.SwagLabLoginTest" time="8.429" errors="0" timestamp="2022-11-11T08:28:11 IST" skipped="0">
  <testcase classname="test.SwagLabLoginTest" name="swagLabLoginTest" time="8.429"/>
  <system-out/>
</testsuite> <!-- test.SwagLabLoginTest -->
